Using pre-set license
Built from '2021.1/staging' branch; Version is '2021.1.19f1 (5f5eb8bbdc25) revision 6250168'; Using compiler version '192528614'; Build Type 'Release'
OS: 'Windows 10 Home Single Language; OS build 19042.1348; Version 2009; 64bit' Language: 'en' Physical Memory: 16306 MB
BatchMode: 1, IsHumanControllingUs: 0, StartBugReporterOnCrash: 0, Is64bit: 1, IsPro: 0

COMMAND LINE ARGUMENTS:
C:\Program Files\Unity\Hub\Editor\2021.1.19f1\Editor\Unity.exe
-adb2
-batchMode
-noUpm
-name
AssetImportWorker0
-projectPath
C:/Users/Asus GM501/Desktop/GAME2014-Assignment2-Phu-Pham
-logFile
Logs/AssetImportWorker0.log
-srvPort
64840
Successfully changed project path to: C:/Users/Asus GM501/Desktop/GAME2014-Assignment2-Phu-Pham
C:/Users/Asus GM501/Desktop/GAME2014-Assignment2-Phu-Pham
Using Asset Import Pipeline V2.
Refreshing native plugins compatible for Editor in 127.20 ms, found 4 plugins.
Preloading 0 native plugins for Editor in 0.00 ms.
Initialize engine version: 2021.1.19f1 (5f5eb8bbdc25)
[Subsystems] Discovering subsystems at path C:/Program Files/Unity/Hub/Editor/2021.1.19f1/Editor/Data/Resources/UnitySubsystems
[Subsystems] Discovering subsystems at path C:/Users/Asus GM501/Desktop/GAME2014-Assignment2-Phu-Pham/Assets
GfxDevice: creating device client; threaded=0; jobified=0
Direct3D:
    Version:  Direct3D 11.0 [level 11.1]
    Renderer: NVIDIA GeForce GTX 1070 (ID=0x1be1)
    Vendor:   NVIDIA
    VRAM:     8081 MB
    Driver:   30.0.14.9649
Initialize mono
Mono path[0] = 'C:/Program Files/Unity/Hub/Editor/2021.1.19f1/Editor/Data/Managed'
Mono path[1] = 'C:/Program Files/Unity/Hub/Editor/2021.1.19f1/Editor/Data/MonoBleedingEdge/lib/mono/unityjit'
Mono config path = 'C:/Program Files/Unity/Hub/Editor/2021.1.19f1/Editor/Data/MonoBleedingEdge/etc'
Using monoOptions --debugger-agent=transport=dt_socket,embedding=1,server=y,suspend=n,address=127.0.0.1:56528
Begin MonoManager ReloadAssembly
Registering precompiled unity dll's ...
Register platform support module: C:/Program Files/Unity/Hub/Editor/2021.1.19f1/Editor/Data/PlaybackEngines/WebGLSupport/UnityEditor.WebGL.Extensions.dll
Register platform support module: C:/Program Files/Unity/Hub/Editor/2021.1.19f1/Editor/Data/PlaybackEngines/WindowsStandaloneSupport/UnityEditor.WindowsStandalone.Extensions.dll
Registered in 0.002699 seconds.
Native extension for WindowsStandalone target not found
Native extension for WebGL target not found
Refreshing native plugins compatible for Editor in 120.37 ms, found 4 plugins.
Preloading 0 native plugins for Editor in 0.00 ms.
Mono: successfully reloaded assembly
- Completed reload, in  2.473 seconds
Domain Reload Profiling:
	ReloadAssembly (2474ms)
		BeginReloadAssembly (76ms)
			ExecutionOrderSort (0ms)
			DisableScriptedObjects (0ms)
			BackupInstance (0ms)
			ReleaseScriptingObjects (0ms)
			CreateAndSetChildDomain (1ms)
		EndReloadAssembly (540ms)
			LoadAssemblies (73ms)
			RebuildTransferFunctionScriptingTraits (0ms)
			SetupTypeCache (179ms)
			ReleaseScriptCaches (0ms)
			RebuildScriptCaches (37ms)
			SetupLoadedEditorAssemblies (270ms)
				LogAssemblyErrors (0ms)
				InitializePlatformSupportModulesInManaged (8ms)
				SetLoadedEditorAssemblies (0ms)
				RefreshPlugins (120ms)
				BeforeProcessingInitializeOnLoad (2ms)
				ProcessInitializeOnLoadAttributes (108ms)
				ProcessInitializeOnLoadMethodAttributes (31ms)
				AfterProcessingInitializeOnLoad (0ms)
				EditorAssembliesLoaded (0ms)
			ExecutionOrderSort2 (0ms)
			AwakeInstancesAfterBackupRestoration (0ms)
Platform modules already initialized, skipping
Registering precompiled user dll's ...
Registered in 0.006089 seconds.
Begin MonoManager ReloadAssembly
Symbol file LoadedFromMemory doesn't match image C:\Users\Asus GM501\Desktop\GAME2014-Assignment2-Phu-Pham\Library\PackageCache\com.unity.visualscripting@1.6.1\Editor\VisualScripting.Core\Dependencies\YamlDotNet\Unity.VisualScripting.YamlDotNet.dll
Symbol file LoadedFromMemory doesn't match image C:\Users\Asus GM501\Desktop\GAME2014-Assignment2-Phu-Pham\Library\PackageCache\com.unity.visualscripting@1.6.1\Editor\VisualScripting.Core\Dependencies\DotNetZip\Unity.VisualScripting.IonicZip.dll
Native extension for WindowsStandalone target not found
Native extension for WebGL target not found
Refreshing native plugins compatible for Editor in 119.16 ms, found 4 plugins.
Preloading 0 native plugins for Editor in 0.00 ms.
Mono: successfully reloaded assembly
- Completed reload, in  1.522 seconds
Domain Reload Profiling:
	ReloadAssembly (1523ms)
		BeginReloadAssembly (246ms)
			ExecutionOrderSort (0ms)
			DisableScriptedObjects (5ms)
			BackupInstance (0ms)
			ReleaseScriptingObjects (0ms)
			CreateAndSetChildDomain (41ms)
		EndReloadAssembly (1198ms)
			LoadAssemblies (173ms)
			RebuildTransferFunctionScriptingTraits (0ms)
			SetupTypeCache (369ms)
			ReleaseScriptCaches (1ms)
			RebuildScriptCaches (65ms)
			SetupLoadedEditorAssemblies (532ms)
				LogAssemblyErrors (0ms)
				InitializePlatformSupportModulesInManaged (5ms)
				SetLoadedEditorAssemblies (0ms)
				RefreshPlugins (119ms)
				BeforeProcessingInitializeOnLoad (110ms)
				ProcessInitializeOnLoadAttributes (270ms)
				ProcessInitializeOnLoadMethodAttributes (19ms)
				AfterProcessingInitializeOnLoad (8ms)
				EditorAssembliesLoaded (0ms)
			ExecutionOrderSort2 (0ms)
			AwakeInstancesAfterBackupRestoration (7ms)
Platform modules already initialized, skipping
========================================================================
Worker process is ready to serve import requests
Launched and connected shader compiler UnityShaderCompiler.exe after 0.08 seconds
Refreshing native plugins compatible for Editor in 0.94 ms, found 4 plugins.
Preloading 0 native plugins for Editor in 0.00 ms.
Unloading 3768 Unused Serialized files (Serialized files now loaded: 0)
System memory in use before: 139.2 MB.
System memory in use after: 139.4 MB.

Unloading 43 unused Assets to reduce memory usage. Loaded Objects now: 4206.
Total: 3.790600 ms (FindLiveObjects: 0.281700 ms CreateObjectMapping: 0.145000 ms MarkObjects: 3.295800 ms  DeleteObjects: 0.066500 ms)

AssetImportParameters requested are different than current active one (requested -> active):
  custom:framework-win-MediaFoundation: 216162199b28c13a410421893ffa2e32 -> 
  custom:video-decoder-ogg-theora: a1e56fd34408186e4bbccfd4996cb3dc -> 
  custom:container-muxer-webm: aa71ff27fc2769a1b78a27578f13a17b -> 
  custom:container-demuxer-webm: 4f35f7cbe854078d1ac9338744f61a02 -> 
  custom:container-demuxer-ogg: 62fdf1f143b41e24485cea50d1cbac27 -> 
  custom:video-encoder-webm-vp8: eb34c28f22e8b96e1ab97ce403110664 -> 
  custom:video-codec-MediaFoundation-h265: 746d11721c4dcdbdad8f713fa42b33f4 -> 
  custom:video-decoder-webm-vp8: 9c59270c3fd7afecdb556c50c9e8de78 -> 
  custom:audio-decoder-ogg-vorbis: bf7c407c2cedff20999df2af8eb42d56 -> 
  custom:audio-encoder-webm-vorbis: bf7c407c2cedff20999df2af8eb42d56 -> 
========================================================================
Received Import Request.
  path: Assets/Textures/game over.png
  artifactKey: Guid(451db912b9b159644a30ee17728086d4) Importer(815301076,1909f56bfc062723c751e8b465ee728b)
Start importing Assets/Textures/game over.png using Guid(451db912b9b159644a30ee17728086d4) Importer(815301076,1909f56bfc062723c751e8b465ee728b)  -> (artifact id: '4f4119d5acbcabf5a4f27b942f973dff') in 0.165178 seconds 
========================================================================
Received Import Request.
  Time since last request: 48.024761 seconds.
  path: Assets/Textures/Button.png
  artifactKey: Guid(6740ce6b61f4fad46aa46b8c6625a817) Importer(815301076,1909f56bfc062723c751e8b465ee728b)
Start importing Assets/Textures/Button.png using Guid(6740ce6b61f4fad46aa46b8c6625a817) Importer(815301076,1909f56bfc062723c751e8b465ee728b)  -> (artifact id: 'eece7532cd04ae2d0a261764cb139103') in 0.036543 seconds 
========================================================================
Received Import Request.
  Time since last request: 8.326021 seconds.
  path: Assets/Textures/Button.png
  artifactKey: Guid(6740ce6b61f4fad46aa46b8c6625a817) Importer(815301076,1909f56bfc062723c751e8b465ee728b)
Start importing Assets/Textures/Button.png using Guid(6740ce6b61f4fad46aa46b8c6625a817) Importer(815301076,1909f56bfc062723c751e8b465ee728b)  -> (artifact id: 'd325219530e04ede06500587f50c2734') in 0.014127 seconds 
========================================================================
Received Import Request.
  Time since last request: 7.643285 seconds.
  path: Assets/Textures/Button.png
  artifactKey: Guid(6740ce6b61f4fad46aa46b8c6625a817) Importer(815301076,1909f56bfc062723c751e8b465ee728b)
Start importing Assets/Textures/Button.png using Guid(6740ce6b61f4fad46aa46b8c6625a817) Importer(815301076,1909f56bfc062723c751e8b465ee728b)  -> (artifact id: '3349726210879310b10a29068602fcb1') in 0.249659 seconds 
========================================================================
Received Import Request.
  Time since last request: 38.554663 seconds.
  path: Assets/Textures/Windows.png
  artifactKey: Guid(09cc799d0bc34e44e9807d8db8cc5c06) Importer(815301076,1909f56bfc062723c751e8b465ee728b)
Start importing Assets/Textures/Windows.png using Guid(09cc799d0bc34e44e9807d8db8cc5c06) Importer(815301076,1909f56bfc062723c751e8b465ee728b)  -> (artifact id: '52e505be558ffbac96ba7a8c435d1f25') in 0.048067 seconds 
========================================================================
Received Import Request.
  Time since last request: 10.974683 seconds.
  path: Assets/Textures/Windows.png
  artifactKey: Guid(09cc799d0bc34e44e9807d8db8cc5c06) Importer(815301076,1909f56bfc062723c751e8b465ee728b)
Start importing Assets/Textures/Windows.png using Guid(09cc799d0bc34e44e9807d8db8cc5c06) Importer(815301076,1909f56bfc062723c751e8b465ee728b)  -> (artifact id: '3030a0230ccfff3e1e480db297da4749') in 0.030112 seconds 
========================================================================
Received Import Request.
  Time since last request: 9.471460 seconds.
  path: Assets/Textures/Windows.png
  artifactKey: Guid(09cc799d0bc34e44e9807d8db8cc5c06) Importer(815301076,1909f56bfc062723c751e8b465ee728b)
Start importing Assets/Textures/Windows.png using Guid(09cc799d0bc34e44e9807d8db8cc5c06) Importer(815301076,1909f56bfc062723c751e8b465ee728b)  -> (artifact id: 'db50d7f5bc812a97c82f5845d94a8f04') in 0.179377 seconds 
========================================================================
Received Import Request.
  Time since last request: 12.084792 seconds.
  path: Assets/zImportedAssets/RF Castle
  artifactKey: Guid(4a5bcbbfe3be43c43b536d93b6a85ed4) Importer(815301076,1909f56bfc062723c751e8b465ee728b)
Start importing Assets/zImportedAssets/RF Castle using Guid(4a5bcbbfe3be43c43b536d93b6a85ed4) Importer(815301076,1909f56bfc062723c751e8b465ee728b)  -> (artifact id: 'e78cb7456798ca372b946a1525c4a399') in 0.006404 seconds 
========================================================================
Received Import Request.
  Time since last request: 9.516442 seconds.
  path: Assets/Prefabs/TurretLvl1.prefab
  artifactKey: Guid(70ed6783ae4760349a198a8bc430cfa0) Importer(815301076,1909f56bfc062723c751e8b465ee728b)
Start importing Assets/Prefabs/TurretLvl1.prefab using Guid(70ed6783ae4760349a198a8bc430cfa0) Importer(815301076,1909f56bfc062723c751e8b465ee728b)  -> (artifact id: '51d956a209433845eaefa4d4c55e26d0') in 0.015579 seconds 
========================================================================
Received Import Request.
  Time since last request: 1.187725 seconds.
  path: Assets/Prefabs/pickupSpawner.prefab
  artifactKey: Guid(bc2b9d97feb76cc48a457a103a6b40c0) Importer(815301076,1909f56bfc062723c751e8b465ee728b)
Start importing Assets/Prefabs/pickupSpawner.prefab using Guid(bc2b9d97feb76cc48a457a103a6b40c0) Importer(815301076,1909f56bfc062723c751e8b465ee728b)  -> (artifact id: 'e264e0db053a56e5e0b83e86b6a08636') in 0.017581 seconds 
========================================================================
Received Import Request.
  Time since last request: 8.829422 seconds.
  path: Assets/Scripts/MonsterBehaviourScript.cs
  artifactKey: Guid(398d110924126ae4ca4df1bafbe09ea7) Importer(815301076,1909f56bfc062723c751e8b465ee728b)
Start importing Assets/Scripts/MonsterBehaviourScript.cs using Guid(398d110924126ae4ca4df1bafbe09ea7) Importer(815301076,1909f56bfc062723c751e8b465ee728b)  -> (artifact id: 'aefe0ce13eb9b0383fa748ae088bbdf4') in 0.012383 seconds 
========================================================================
Received Import Request.
  Time since last request: 19.382213 seconds.
  path: Assets/enemySpawner.cs
  artifactKey: Guid(6600eee7d43170a4cbdb6530718f98a0) Importer(815301076,1909f56bfc062723c751e8b465ee728b)
Start importing Assets/enemySpawner.cs using Guid(6600eee7d43170a4cbdb6530718f98a0) Importer(815301076,1909f56bfc062723c751e8b465ee728b)  -> (artifact id: '5f0c11a3a3172ce90f18eca7a0746ea3') in 0.005884 seconds 
========================================================================
Received Import Request.
  Time since last request: 0.914163 seconds.
  path: Assets/turretBehaviour.cs
  artifactKey: Guid(84e98667a75c4b549adab1d8859d3a74) Importer(815301076,1909f56bfc062723c751e8b465ee728b)
Start importing Assets/turretBehaviour.cs using Guid(84e98667a75c4b549adab1d8859d3a74) Importer(815301076,1909f56bfc062723c751e8b465ee728b)  -> (artifact id: '781cabfeb3b0d565b15618476571f504') in 0.006133 seconds 
========================================================================
Received Prepare
Registering precompiled user dll's ...
Registered in 0.006013 seconds.
Begin MonoManager ReloadAssembly
Symbol file LoadedFromMemory doesn't match image C:\Users\Asus GM501\Desktop\GAME2014-Assignment2-Phu-Pham\Library\PackageCache\com.unity.visualscripting@1.6.1\Editor\VisualScripting.Core\Dependencies\YamlDotNet\Unity.VisualScripting.YamlDotNet.dll
Symbol file LoadedFromMemory doesn't match image C:\Users\Asus GM501\Desktop\GAME2014-Assignment2-Phu-Pham\Library\PackageCache\com.unity.visualscripting@1.6.1\Editor\VisualScripting.Core\Dependencies\DotNetZip\Unity.VisualScripting.IonicZip.dll
Native extension for WindowsStandalone target not found
Native extension for WebGL target not found
Refreshing native plugins compatible for Editor in 0.79 ms, found 4 plugins.
Preloading 0 native plugins for Editor in 0.00 ms.
Mono: successfully reloaded assembly
- Completed reload, in  1.330 seconds
Domain Reload Profiling:
	ReloadAssembly (1330ms)
		BeginReloadAssembly (154ms)
			ExecutionOrderSort (0ms)
			DisableScriptedObjects (7ms)
			BackupInstance (0ms)
			ReleaseScriptingObjects (0ms)
			CreateAndSetChildDomain (44ms)
		EndReloadAssembly (1109ms)
			LoadAssemblies (116ms)
			RebuildTransferFunctionScriptingTraits (0ms)
			SetupTypeCache (389ms)
			ReleaseScriptCaches (1ms)
			RebuildScriptCaches (56ms)
			SetupLoadedEditorAssemblies (382ms)
				LogAssemblyErrors (0ms)
				InitializePlatformSupportModulesInManaged (6ms)
				SetLoadedEditorAssemblies (0ms)
				RefreshPlugins (1ms)
				BeforeProcessingInitializeOnLoad (95ms)
				ProcessInitializeOnLoadAttributes (263ms)
				ProcessInitializeOnLoadMethodAttributes (9ms)
				AfterProcessingInitializeOnLoad (7ms)
				EditorAssembliesLoaded (0ms)
			ExecutionOrderSort2 (0ms)
			AwakeInstancesAfterBackupRestoration (18ms)
Platform modules already initialized, skipping
Switching build target platform(19) subTarget(0) extendedPlatform(0) -> platform(13) subTarget(524288) extendedPlatform(0)
Refreshing native plugins compatible for Editor in 0.95 ms, found 4 plugins.
Preloading 0 native plugins for Editor in 0.00 ms.
Unloading 3757 Unused Serialized files (Serialized files now loaded: 0)
System memory in use before: 163.3 MB.
System memory in use after: 163.6 MB.

Unloading 37 unused Assets to reduce memory usage. Loaded Objects now: 4401.
Total: 3.662700 ms (FindLiveObjects: 0.292800 ms CreateObjectMapping: 0.195700 ms MarkObjects: 3.144200 ms  DeleteObjects: 0.029300 ms)

AssetImportParameters requested are different than current active one (requested -> active):
  custom:framework-win-MediaFoundation: 216162199b28c13a410421893ffa2e32 -> 
  custom:video-decoder-ogg-theora: a1e56fd34408186e4bbccfd4996cb3dc -> 
  custom:container-muxer-webm: aa71ff27fc2769a1b78a27578f13a17b -> 
  custom:container-demuxer-webm: 4f35f7cbe854078d1ac9338744f61a02 -> 
  custom:container-demuxer-ogg: 62fdf1f143b41e24485cea50d1cbac27 -> 
  custom:video-encoder-webm-vp8: eb34c28f22e8b96e1ab97ce403110664 -> 
  custom:video-codec-MediaFoundation-h265: 746d11721c4dcdbdad8f713fa42b33f4 -> 
  custom:video-decoder-webm-vp8: 9c59270c3fd7afecdb556c50c9e8de78 -> 
  custom:graphics/normal-map-encoding: 01000000000000000000000000000000 -> 02000000000000000000000000000000
  custom:audio-decoder-ogg-vorbis: bf7c407c2cedff20999df2af8eb42d56 -> 
  custom:audio-encoder-webm-vorbis: bf7c407c2cedff20999df2af8eb42d56 -> 
========================================================================
Received Prepare
Registering precompiled user dll's ...
Registered in 0.005807 seconds.
Begin MonoManager ReloadAssembly
Symbol file LoadedFromMemory doesn't match image C:\Users\Asus GM501\Desktop\GAME2014-Assignment2-Phu-Pham\Library\PackageCache\com.unity.visualscripting@1.6.1\Editor\VisualScripting.Core\Dependencies\YamlDotNet\Unity.VisualScripting.YamlDotNet.dll
Symbol file LoadedFromMemory doesn't match image C:\Users\Asus GM501\Desktop\GAME2014-Assignment2-Phu-Pham\Library\PackageCache\com.unity.visualscripting@1.6.1\Editor\VisualScripting.Core\Dependencies\DotNetZip\Unity.VisualScripting.IonicZip.dll
Native extension for WindowsStandalone target not found
Native extension for WebGL target not found
Refreshing native plugins compatible for Editor in 0.78 ms, found 4 plugins.
Preloading 0 native plugins for Editor in 0.00 ms.
Mono: successfully reloaded assembly
- Completed reload, in  1.366 seconds
Domain Reload Profiling:
	ReloadAssembly (1366ms)
		BeginReloadAssembly (164ms)
			ExecutionOrderSort (0ms)
			DisableScriptedObjects (9ms)
			BackupInstance (0ms)
			ReleaseScriptingObjects (0ms)
			CreateAndSetChildDomain (54ms)
		EndReloadAssembly (1138ms)
			LoadAssemblies (107ms)
			RebuildTransferFunctionScriptingTraits (0ms)
			SetupTypeCache (366ms)
			ReleaseScriptCaches (1ms)
			RebuildScriptCaches (55ms)
			SetupLoadedEditorAssemblies (479ms)
				LogAssemblyErrors (0ms)
				InitializePlatformSupportModulesInManaged (7ms)
				SetLoadedEditorAssemblies (0ms)
				RefreshPlugins (1ms)
				BeforeProcessingInitializeOnLoad (86ms)
				ProcessInitializeOnLoadAttributes (367ms)
				ProcessInitializeOnLoadMethodAttributes (10ms)
				AfterProcessingInitializeOnLoad (7ms)
				EditorAssembliesLoaded (0ms)
			ExecutionOrderSort2 (0ms)
			AwakeInstancesAfterBackupRestoration (18ms)
Platform modules already initialized, skipping
Switching build target platform(19) subTarget(0) extendedPlatform(0) -> platform(13) subTarget(524288) extendedPlatform(0)
Refreshing native plugins compatible for Editor in 0.97 ms, found 4 plugins.
Preloading 0 native plugins for Editor in 0.00 ms.
Unloading 3759 Unused Serialized files (Serialized files now loaded: 0)
System memory in use before: 163.4 MB.
System memory in use after: 163.7 MB.

Unloading 31 unused Assets to reduce memory usage. Loaded Objects now: 4408.
Total: 3.875600 ms (FindLiveObjects: 0.320600 ms CreateObjectMapping: 0.139500 ms MarkObjects: 3.387800 ms  DeleteObjects: 0.026800 ms)

AssetImportParameters requested are different than current active one (requested -> active):
  custom:framework-win-MediaFoundation: 216162199b28c13a410421893ffa2e32 -> 
  custom:video-decoder-ogg-theora: a1e56fd34408186e4bbccfd4996cb3dc -> 
  custom:container-muxer-webm: aa71ff27fc2769a1b78a27578f13a17b -> 
  custom:container-demuxer-webm: 4f35f7cbe854078d1ac9338744f61a02 -> 
  custom:container-demuxer-ogg: 62fdf1f143b41e24485cea50d1cbac27 -> 
  custom:video-encoder-webm-vp8: eb34c28f22e8b96e1ab97ce403110664 -> 
  custom:video-codec-MediaFoundation-h265: 746d11721c4dcdbdad8f713fa42b33f4 -> 
  custom:video-decoder-webm-vp8: 9c59270c3fd7afecdb556c50c9e8de78 -> 
  custom:graphics/normal-map-encoding: 01000000000000000000000000000000 -> 02000000000000000000000000000000
  custom:audio-decoder-ogg-vorbis: bf7c407c2cedff20999df2af8eb42d56 -> 
  custom:audio-encoder-webm-vorbis: bf7c407c2cedff20999df2af8eb42d56 -> 
========================================================================
Received Prepare
Registering precompiled user dll's ...
Registered in 0.005541 seconds.
Begin MonoManager ReloadAssembly
Symbol file LoadedFromMemory doesn't match image C:\Users\Asus GM501\Desktop\GAME2014-Assignment2-Phu-Pham\Library\PackageCache\com.unity.visualscripting@1.6.1\Editor\VisualScripting.Core\Dependencies\YamlDotNet\Unity.VisualScripting.YamlDotNet.dll
Symbol file LoadedFromMemory doesn't match image C:\Users\Asus GM501\Desktop\GAME2014-Assignment2-Phu-Pham\Library\PackageCache\com.unity.visualscripting@1.6.1\Editor\VisualScripting.Core\Dependencies\DotNetZip\Unity.VisualScripting.IonicZip.dll
Native extension for WindowsStandalone target not found
Native extension for WebGL target not found
Refreshing native plugins compatible for Editor in 0.82 ms, found 4 plugins.
Preloading 0 native plugins for Editor in 0.00 ms.
Mono: successfully reloaded assembly
- Completed reload, in  1.258 seconds
Domain Reload Profiling:
	ReloadAssembly (1259ms)
		BeginReloadAssembly (142ms)
			ExecutionOrderSort (0ms)
			DisableScriptedObjects (9ms)
			BackupInstance (0ms)
			ReleaseScriptingObjects (0ms)
			CreateAndSetChildDomain (47ms)
		EndReloadAssembly (1039ms)
			LoadAssemblies (107ms)
			RebuildTransferFunctionScriptingTraits (0ms)
			SetupTypeCache (366ms)
			ReleaseScriptCaches (1ms)
			RebuildScriptCaches (57ms)
			SetupLoadedEditorAssemblies (366ms)
				LogAssemblyErrors (0ms)
				InitializePlatformSupportModulesInManaged (8ms)
				SetLoadedEditorAssemblies (0ms)
				RefreshPlugins (1ms)
				BeforeProcessingInitializeOnLoad (88ms)
				ProcessInitializeOnLoadAttributes (252ms)
				ProcessInitializeOnLoadMethodAttributes (9ms)
				AfterProcessingInitializeOnLoad (8ms)
				EditorAssembliesLoaded (0ms)
			ExecutionOrderSort2 (0ms)
			AwakeInstancesAfterBackupRestoration (17ms)
Platform modules already initialized, skipping
Switching build target platform(19) subTarget(0) extendedPlatform(0) -> platform(13) subTarget(524288) extendedPlatform(0)
Refreshing native plugins compatible for Editor in 0.94 ms, found 4 plugins.
Preloading 0 native plugins for Editor in 0.00 ms.
Unloading 3759 Unused Serialized files (Serialized files now loaded: 0)
System memory in use before: 163.5 MB.
System memory in use after: 163.7 MB.

Unloading 31 unused Assets to reduce memory usage. Loaded Objects now: 4411.
Total: 4.348000 ms (FindLiveObjects: 0.452900 ms CreateObjectMapping: 0.256600 ms MarkObjects: 3.613000 ms  DeleteObjects: 0.024300 ms)

AssetImportParameters requested are different than current active one (requested -> active):
  custom:framework-win-MediaFoundation: 216162199b28c13a410421893ffa2e32 -> 
  custom:video-decoder-ogg-theora: a1e56fd34408186e4bbccfd4996cb3dc -> 
  custom:container-muxer-webm: aa71ff27fc2769a1b78a27578f13a17b -> 
  custom:container-demuxer-webm: 4f35f7cbe854078d1ac9338744f61a02 -> 
  custom:container-demuxer-ogg: 62fdf1f143b41e24485cea50d1cbac27 -> 
  custom:video-encoder-webm-vp8: eb34c28f22e8b96e1ab97ce403110664 -> 
  custom:video-codec-MediaFoundation-h265: 746d11721c4dcdbdad8f713fa42b33f4 -> 
  custom:video-decoder-webm-vp8: 9c59270c3fd7afecdb556c50c9e8de78 -> 
  custom:graphics/normal-map-encoding: 01000000000000000000000000000000 -> 02000000000000000000000000000000
  custom:audio-decoder-ogg-vorbis: bf7c407c2cedff20999df2af8eb42d56 -> 
  custom:audio-encoder-webm-vorbis: bf7c407c2cedff20999df2af8eb42d56 -> 
========================================================================
Received Import Request.
  Time since last request: 2581.734153 seconds.
  path: Assets/Scenes/PlayScene.unity
  artifactKey: Guid(2cda990e2423bbf4892e6590ba056729) Importer(815301076,1909f56bfc062723c751e8b465ee728b)
Start importing Assets/Scenes/PlayScene.unity using Guid(2cda990e2423bbf4892e6590ba056729) Importer(815301076,1909f56bfc062723c751e8b465ee728b)  -> (artifact id: '81e5166ed8dca6b1ec0af4de2ba5912e') in 0.025366 seconds 
========================================================================
Received Import Request.
  Time since last request: 11.165301 seconds.
  path: Assets/Tiles/tower6.asset
  artifactKey: Guid(630d14420afb599498168dc4481ae63d) Importer(815301076,1909f56bfc062723c751e8b465ee728b)
Start importing Assets/Tiles/tower6.asset using Guid(630d14420afb599498168dc4481ae63d) Importer(815301076,1909f56bfc062723c751e8b465ee728b)  -> (artifact id: '22f54ca96f4619fabc310b9d1b8f6494') in 0.017941 seconds 
========================================================================
Received Import Request.
  Time since last request: 11.238183 seconds.
  path: Assets/zImportedAssets/PlatformerSet1/main_lev_build.png
  artifactKey: Guid(6d28f55f1b0572546b2632db94416d69) Importer(815301076,1909f56bfc062723c751e8b465ee728b)
Start importing Assets/zImportedAssets/PlatformerSet1/main_lev_build.png using Guid(6d28f55f1b0572546b2632db94416d69) Importer(815301076,1909f56bfc062723c751e8b465ee728b)  -> (artifact id: '23c84e32408619b5e0e1d1db7b83874f') in 0.093884 seconds 
========================================================================
Received Import Request.
  Time since last request: 1.664729 seconds.
  path: Assets/zImportedAssets/PlatformerSet1/other_and_decorative.png
  artifactKey: Guid(fc125cd2b902af1428138adb4c7f6ec4) Importer(815301076,1909f56bfc062723c751e8b465ee728b)
Start importing Assets/zImportedAssets/PlatformerSet1/other_and_decorative.png using Guid(fc125cd2b902af1428138adb4c7f6ec4) Importer(815301076,1909f56bfc062723c751e8b465ee728b)  -> (artifact id: 'd79789b825c7a11fb013b377539e68bb') in 0.028952 seconds 
========================================================================
Received Import Request.
  Time since last request: 17.664589 seconds.
  path: Assets/zImportedAssets/PlatformerSet1/01 background.png
  artifactKey: Guid(543fff9c6bee69649a543666c301ca86) Importer(815301076,1909f56bfc062723c751e8b465ee728b)
Start importing Assets/zImportedAssets/PlatformerSet1/01 background.png using Guid(543fff9c6bee69649a543666c301ca86) Importer(815301076,1909f56bfc062723c751e8b465ee728b)  -> (artifact id: '79f4f6ae7d159683c1d24f6c2a53fa14') in 0.033436 seconds 
========================================================================
Received Import Request.
  Time since last request: 3.957925 seconds.
  path: Assets/zImportedAssets/PlatformerSet1/03 background B.png
  artifactKey: Guid(671c2728bfbe13e4a908a31d4b0a22fc) Importer(815301076,1909f56bfc062723c751e8b465ee728b)
Start importing Assets/zImportedAssets/PlatformerSet1/03 background B.png using Guid(671c2728bfbe13e4a908a31d4b0a22fc) Importer(815301076,1909f56bfc062723c751e8b465ee728b)  -> (artifact id: '54cc4d27f1f771c298dc7e8d8353f8f5') in 0.015357 seconds 
========================================================================
Received Import Request.
  Time since last request: 2.526209 seconds.
  path: Assets/zImportedAssets/PlatformerSet1/03 background A.png
  artifactKey: Guid(eb06709a3d006f5448d017252797e8a4) Importer(815301076,1909f56bfc062723c751e8b465ee728b)
Start importing Assets/zImportedAssets/PlatformerSet1/03 background A.png using Guid(eb06709a3d006f5448d017252797e8a4) Importer(815301076,1909f56bfc062723c751e8b465ee728b)  -> (artifact id: '87ceaf0186a5df2c02c634590d71a006') in 0.015809 seconds 
========================================================================
Received Import Request.
  Time since last request: 2.323683 seconds.
  path: Assets/zImportedAssets/PlatformerSet1/02 background.png
  artifactKey: Guid(0ff110103311344449b3b91008a97905) Importer(815301076,1909f56bfc062723c751e8b465ee728b)
Start importing Assets/zImportedAssets/PlatformerSet1/02 background.png using Guid(0ff110103311344449b3b91008a97905) Importer(815301076,1909f56bfc062723c751e8b465ee728b)  -> (artifact id: 'df7ec8d51d6c7fe0cc775ac1495d3939') in 0.013352 seconds 
========================================================================
Received Import Request.
  Time since last request: 249.015148 seconds.
  path: Assets/zImportedAssets/PlatformerSet1/05 background.png
  artifactKey: Guid(7856ff2c37949ad4d9e77bec3b91e755) Importer(815301076,1909f56bfc062723c751e8b465ee728b)
Start importing Assets/zImportedAssets/PlatformerSet1/05 background.png using Guid(7856ff2c37949ad4d9e77bec3b91e755) Importer(815301076,1909f56bfc062723c751e8b465ee728b)  -> (artifact id: '30b8ba1b473e977954cdcfd2efaa0411') in 0.026144 seconds 
========================================================================
Received Import Request.
  Time since last request: 15.139432 seconds.
  path: Assets/Textures/main_lev_build.png
  artifactKey: Guid(6d28f55f1b0572546b2632db94416d69) Importer(815301076,1909f56bfc062723c751e8b465ee728b)
Start importing Assets/Textures/main_lev_build.png using Guid(6d28f55f1b0572546b2632db94416d69) Importer(815301076,1909f56bfc062723c751e8b465ee728b)  -> (artifact id: '31c0b86d741c2d7dcad81d8a060a6342') in 0.060137 seconds 
========================================================================
Received Import Request.
  Time since last request: 3.973030 seconds.
  path: Assets/Textures/main_lev_build.png
  artifactKey: Guid(6d28f55f1b0572546b2632db94416d69) Importer(815301076,1909f56bfc062723c751e8b465ee728b)
Start importing Assets/Textures/main_lev_build.png using Guid(6d28f55f1b0572546b2632db94416d69) Importer(815301076,1909f56bfc062723c751e8b465ee728b)  -> (artifact id: 'c9ae94f5c2141f503290bc9ddeaef5db') in 0.029089 seconds 
========================================================================
Received Import Request.
  Time since last request: 95.617319 seconds.
  path: Assets/Textures/main_lev_build.png
  artifactKey: Guid(6d28f55f1b0572546b2632db94416d69) Importer(815301076,1909f56bfc062723c751e8b465ee728b)
Start importing Assets/Textures/main_lev_build.png using Guid(6d28f55f1b0572546b2632db94416d69) Importer(815301076,1909f56bfc062723c751e8b465ee728b)  -> (artifact id: 'a7ec70f848ea3ebe69032e9db80df5a3') in 2.888434 seconds 
========================================================================
Received Import Request.
  Time since last request: 448.212718 seconds.
  path: Assets/zImportedAssets/Prototype Hero Demo - Pixel Art/Sprites
  artifactKey: Guid(fe0dd8d84ad077a439f068110a4c1145) Importer(815301076,1909f56bfc062723c751e8b465ee728b)
Start importing Assets/zImportedAssets/Prototype Hero Demo - Pixel Art/Sprites using Guid(fe0dd8d84ad077a439f068110a4c1145) Importer(815301076,1909f56bfc062723c751e8b465ee728b)  -> (artifact id: '80c1aac235d2691acf06ad39445d109f') in 0.005772 seconds 
========================================================================
Received Import Request.
  Time since last request: 1.373810 seconds.
  path: Assets/zImportedAssets/Prototype Hero Demo - Pixel Art/Sprites/PrototypeHero.png
  artifactKey: Guid(300ea1a5869382b43bf6149aba92c4db) Importer(815301076,1909f56bfc062723c751e8b465ee728b)
Start importing Assets/zImportedAssets/Prototype Hero Demo - Pixel Art/Sprites/PrototypeHero.png using Guid(300ea1a5869382b43bf6149aba92c4db) Importer(815301076,1909f56bfc062723c751e8b465ee728b)  -> (artifact id: '9bd266763fc73bbfa95046ca32177de7') in 0.083890 seconds 
========================================================================
Received Import Request.
  Time since last request: 7.956501 seconds.
  path: Assets/zImportedAssets/Prototype Hero Demo - Pixel Art/Sprites/PrototypeHero.png
  artifactKey: Guid(300ea1a5869382b43bf6149aba92c4db) Importer(815301076,1909f56bfc062723c751e8b465ee728b)
Start importing Assets/zImportedAssets/Prototype Hero Demo - Pixel Art/Sprites/PrototypeHero.png using Guid(300ea1a5869382b43bf6149aba92c4db) Importer(815301076,1909f56bfc062723c751e8b465ee728b)  -> (artifact id: '1b3828dc1b6ae56ea6516628f0d6e9b2') in 0.051895 seconds 
========================================================================
Received Import Request.
  Time since last request: 41.314621 seconds.
  path: Assets/zImportedAssets/Prototype Hero Demo - Pixel Art/Sprites/PrototypeHero.png
  artifactKey: Guid(300ea1a5869382b43bf6149aba92c4db) Importer(815301076,1909f56bfc062723c751e8b465ee728b)
Start importing Assets/zImportedAssets/Prototype Hero Demo - Pixel Art/Sprites/PrototypeHero.png using Guid(300ea1a5869382b43bf6149aba92c4db) Importer(815301076,1909f56bfc062723c751e8b465ee728b)  -> (artifact id: 'c8dbcf84eda6a1c6d187f9cc196b5a60') in 0.060648 seconds 
========================================================================
Received Import Request.
  Time since last request: 1208.204814 seconds.
  path: Assets/Textures/other_and_decorative.png
  artifactKey: Guid(fc125cd2b902af1428138adb4c7f6ec4) Importer(815301076,1909f56bfc062723c751e8b465ee728b)
Start importing Assets/Textures/other_and_decorative.png using Guid(fc125cd2b902af1428138adb4c7f6ec4) Importer(815301076,1909f56bfc062723c751e8b465ee728b)  -> (artifact id: 'b8a203a61f32831b4cbeb092ae715151') in 0.019019 seconds 
========================================================================
Received Import Request.
  Time since last request: 9.530801 seconds.
  path: Assets/Textures/other_and_decorative.png
  artifactKey: Guid(fc125cd2b902af1428138adb4c7f6ec4) Importer(815301076,1909f56bfc062723c751e8b465ee728b)
Start importing Assets/Textures/other_and_decorative.png using Guid(fc125cd2b902af1428138adb4c7f6ec4) Importer(815301076,1909f56bfc062723c751e8b465ee728b)  -> (artifact id: '7ffd97958af54e26876f303bd974dacb') in 0.014818 seconds 
========================================================================
Received Import Request.
  Time since last request: 14.263106 seconds.
  path: Assets/Textures/other_and_decorative.png
  artifactKey: Guid(fc125cd2b902af1428138adb4c7f6ec4) Importer(815301076,1909f56bfc062723c751e8b465ee728b)
Start importing Assets/Textures/other_and_decorative.png using Guid(fc125cd2b902af1428138adb4c7f6ec4) Importer(815301076,1909f56bfc062723c751e8b465ee728b)  -> (artifact id: '3b8e24e3950745df64ca8bc927af854f') in 0.808539 seconds 
========================================================================
Received Prepare
Registering precompiled user dll's ...
Registered in 0.006302 seconds.
Begin MonoManager ReloadAssembly
Symbol file LoadedFromMemory doesn't match image C:\Users\Asus GM501\Desktop\GAME2014-Assignment2-Phu-Pham\Library\PackageCache\com.unity.visualscripting@1.6.1\Editor\VisualScripting.Core\Dependencies\YamlDotNet\Unity.VisualScripting.YamlDotNet.dll
Symbol file LoadedFromMemory doesn't match image C:\Users\Asus GM501\Desktop\GAME2014-Assignment2-Phu-Pham\Library\PackageCache\com.unity.visualscripting@1.6.1\Editor\VisualScripting.Core\Dependencies\DotNetZip\Unity.VisualScripting.IonicZip.dll
Native extension for WindowsStandalone target not found
Native extension for WebGL target not found
Refreshing native plugins compatible for Editor in 1.01 ms, found 4 plugins.
Preloading 0 native plugins for Editor in 0.00 ms.
Mono: successfully reloaded assembly
- Completed reload, in  1.401 seconds
Domain Reload Profiling:
	ReloadAssembly (1401ms)
		BeginReloadAssembly (169ms)
			ExecutionOrderSort (0ms)
			DisableScriptedObjects (8ms)
			BackupInstance (0ms)
			ReleaseScriptingObjects (0ms)
			CreateAndSetChildDomain (64ms)
		EndReloadAssembly (1165ms)
			LoadAssemblies (117ms)
			RebuildTransferFunctionScriptingTraits (0ms)
			SetupTypeCache (370ms)
			ReleaseScriptCaches (1ms)
			RebuildScriptCaches (55ms)
			SetupLoadedEditorAssemblies (375ms)
				LogAssemblyErrors (0ms)
				InitializePlatformSupportModulesInManaged (7ms)
				SetLoadedEditorAssemblies (0ms)
				RefreshPlugins (1ms)
				BeforeProcessingInitializeOnLoad (89ms)
				ProcessInitializeOnLoadAttributes (260ms)
				ProcessInitializeOnLoadMethodAttributes (11ms)
				AfterProcessingInitializeOnLoad (7ms)
				EditorAssembliesLoaded (0ms)
			ExecutionOrderSort2 (0ms)
			AwakeInstancesAfterBackupRestoration (20ms)
Platform modules already initialized, skipping
Switching build target platform(19) subTarget(0) extendedPlatform(0) -> platform(13) subTarget(524288) extendedPlatform(0)
Refreshing native plugins compatible for Editor in 1.01 ms, found 4 plugins.
Preloading 0 native plugins for Editor in 0.00 ms.
Unloading 3770 Unused Serialized files (Serialized files now loaded: 0)
System memory in use before: 190.7 MB.
System memory in use after: 190.8 MB.

Unloading 31 unused Assets to reduce memory usage. Loaded Objects now: 4661.
Total: 3.891600 ms (FindLiveObjects: 0.328100 ms CreateObjectMapping: 0.152900 ms MarkObjects: 3.386700 ms  DeleteObjects: 0.023100 ms)

AssetImportParameters requested are different than current active one (requested -> active):
  custom:framework-win-MediaFoundation: 216162199b28c13a410421893ffa2e32 -> 
  custom:video-decoder-ogg-theora: a1e56fd34408186e4bbccfd4996cb3dc -> 
  custom:container-muxer-webm: aa71ff27fc2769a1b78a27578f13a17b -> 
  custom:container-demuxer-webm: 4f35f7cbe854078d1ac9338744f61a02 -> 
  custom:container-demuxer-ogg: 62fdf1f143b41e24485cea50d1cbac27 -> 
  custom:video-encoder-webm-vp8: eb34c28f22e8b96e1ab97ce403110664 -> 
  custom:video-codec-MediaFoundation-h265: 746d11721c4dcdbdad8f713fa42b33f4 -> 
  custom:video-decoder-webm-vp8: 9c59270c3fd7afecdb556c50c9e8de78 -> 
  custom:graphics/normal-map-encoding: 01000000000000000000000000000000 -> 02000000000000000000000000000000
  custom:audio-decoder-ogg-vorbis: bf7c407c2cedff20999df2af8eb42d56 -> 
  custom:audio-encoder-webm-vorbis: bf7c407c2cedff20999df2af8eb42d56 -> 
========================================================================
Received Prepare
Registering precompiled user dll's ...
Registered in 0.005906 seconds.
Begin MonoManager ReloadAssembly
Symbol file LoadedFromMemory doesn't match image C:\Users\Asus GM501\Desktop\GAME2014-Assignment2-Phu-Pham\Library\PackageCache\com.unity.visualscripting@1.6.1\Editor\VisualScripting.Core\Dependencies\YamlDotNet\Unity.VisualScripting.YamlDotNet.dll
Symbol file LoadedFromMemory doesn't match image C:\Users\Asus GM501\Desktop\GAME2014-Assignment2-Phu-Pham\Library\PackageCache\com.unity.visualscripting@1.6.1\Editor\VisualScripting.Core\Dependencies\DotNetZip\Unity.VisualScripting.IonicZip.dll
Native extension for WindowsStandalone target not found
Native extension for WebGL target not found
Refreshing native plugins compatible for Editor in 1.04 ms, found 4 plugins.
Preloading 0 native plugins for Editor in 0.00 ms.
Mono: successfully reloaded assembly
- Completed reload, in  1.301 seconds
Domain Reload Profiling:
	ReloadAssembly (1302ms)
		BeginReloadAssembly (143ms)
			ExecutionOrderSort (0ms)
			DisableScriptedObjects (10ms)
			BackupInstance (0ms)
			ReleaseScriptingObjects (0ms)
			CreateAndSetChildDomain (43ms)
		EndReloadAssembly (1088ms)
			LoadAssemblies (107ms)
			RebuildTransferFunctionScriptingTraits (0ms)
			SetupTypeCache (381ms)
			ReleaseScriptCaches (1ms)
			RebuildScriptCaches (56ms)
			SetupLoadedEditorAssemblies (381ms)
				LogAssemblyErrors (0ms)
				InitializePlatformSupportModulesInManaged (9ms)
				SetLoadedEditorAssemblies (0ms)
				RefreshPlugins (1ms)
				BeforeProcessingInitializeOnLoad (93ms)
				ProcessInitializeOnLoadAttributes (260ms)
				ProcessInitializeOnLoadMethodAttributes (10ms)
				AfterProcessingInitializeOnLoad (7ms)
				EditorAssembliesLoaded (0ms)
			ExecutionOrderSort2 (0ms)
			AwakeInstancesAfterBackupRestoration (19ms)
Platform modules already initialized, skipping
Switching build target platform(19) subTarget(0) extendedPlatform(0) -> platform(13) subTarget(524288) extendedPlatform(0)
Refreshing native plugins compatible for Editor in 0.99 ms, found 4 plugins.
Preloading 0 native plugins for Editor in 0.00 ms.
Unloading 3761 Unused Serialized files (Serialized files now loaded: 0)
System memory in use before: 190.2 MB.
System memory in use after: 190.5 MB.

Unloading 31 unused Assets to reduce memory usage. Loaded Objects now: 4664.
Total: 3.779500 ms (FindLiveObjects: 0.327900 ms CreateObjectMapping: 0.186000 ms MarkObjects: 3.242200 ms  DeleteObjects: 0.022600 ms)

AssetImportParameters requested are different than current active one (requested -> active):
  custom:framework-win-MediaFoundation: 216162199b28c13a410421893ffa2e32 -> 
  custom:video-decoder-ogg-theora: a1e56fd34408186e4bbccfd4996cb3dc -> 
  custom:container-muxer-webm: aa71ff27fc2769a1b78a27578f13a17b -> 
  custom:container-demuxer-webm: 4f35f7cbe854078d1ac9338744f61a02 -> 
  custom:container-demuxer-ogg: 62fdf1f143b41e24485cea50d1cbac27 -> 
  custom:video-encoder-webm-vp8: eb34c28f22e8b96e1ab97ce403110664 -> 
  custom:video-codec-MediaFoundation-h265: 746d11721c4dcdbdad8f713fa42b33f4 -> 
  custom:video-decoder-webm-vp8: 9c59270c3fd7afecdb556c50c9e8de78 -> 
  custom:graphics/normal-map-encoding: 01000000000000000000000000000000 -> 02000000000000000000000000000000
  custom:audio-decoder-ogg-vorbis: bf7c407c2cedff20999df2af8eb42d56 -> 
  custom:audio-encoder-webm-vorbis: bf7c407c2cedff20999df2af8eb42d56 -> 
========================================================================
Received Import Request.
  Time since last request: 202.319190 seconds.
  path: Assets/zImportedAssets/Bandits - Pixel Art/Sprites
  artifactKey: Guid(9a78476a3a5328641be59096a0f53e7f) Importer(815301076,1909f56bfc062723c751e8b465ee728b)
Start importing Assets/zImportedAssets/Bandits - Pixel Art/Sprites using Guid(9a78476a3a5328641be59096a0f53e7f) Importer(815301076,1909f56bfc062723c751e8b465ee728b)  -> (artifact id: 'd838691cee53b98b706cf19f6f7261fa') in 0.007408 seconds 
========================================================================
Received Import Request.
  Time since last request: 2.580604 seconds.
  path: Assets/zImportedAssets/Bandits - Pixel Art/Sprites/HeavyBandit.png
  artifactKey: Guid(317b8365a4649ab459f6cb58ec8f9f18) Importer(815301076,1909f56bfc062723c751e8b465ee728b)
Start importing Assets/zImportedAssets/Bandits - Pixel Art/Sprites/HeavyBandit.png using Guid(317b8365a4649ab459f6cb58ec8f9f18) Importer(815301076,1909f56bfc062723c751e8b465ee728b)  -> (artifact id: 'f2417f51fece086463df5a4120d0c795') in 0.111947 seconds 
========================================================================
Received Import Request.
  Time since last request: 12.168494 seconds.
  path: Assets/zImportedAssets/Bandits - Pixel Art/Sprites/HeavyBandit.png
  artifactKey: Guid(317b8365a4649ab459f6cb58ec8f9f18) Importer(815301076,1909f56bfc062723c751e8b465ee728b)
Start importing Assets/zImportedAssets/Bandits - Pixel Art/Sprites/HeavyBandit.png using Guid(317b8365a4649ab459f6cb58ec8f9f18) Importer(815301076,1909f56bfc062723c751e8b465ee728b)  -> (artifact id: 'f757e45460e7f4a0ba3fb294f94e1647') in 0.065808 seconds 
========================================================================
Received Import Request.
  Time since last request: 216.434979 seconds.
  path: Assets/Textures/cave.png
  artifactKey: Guid(c65199fd24e5b434b940f5e53375e016) Importer(815301076,1909f56bfc062723c751e8b465ee728b)
Start importing Assets/Textures/cave.png using Guid(c65199fd24e5b434b940f5e53375e016) Importer(815301076,1909f56bfc062723c751e8b465ee728b)  -> (artifact id: 'b0c7232672e6e5803ddb746fec27060d') in 0.097569 seconds 
========================================================================
Received Prepare
Registering precompiled user dll's ...
Registered in 0.005725 seconds.
Begin MonoManager ReloadAssembly
Symbol file LoadedFromMemory doesn't match image C:\Users\Asus GM501\Desktop\GAME2014-Assignment2-Phu-Pham\Library\PackageCache\com.unity.visualscripting@1.6.1\Editor\VisualScripting.Core\Dependencies\YamlDotNet\Unity.VisualScripting.YamlDotNet.dll
Symbol file LoadedFromMemory doesn't match image C:\Users\Asus GM501\Desktop\GAME2014-Assignment2-Phu-Pham\Library\PackageCache\com.unity.visualscripting@1.6.1\Editor\VisualScripting.Core\Dependencies\DotNetZip\Unity.VisualScripting.IonicZip.dll
Native extension for WindowsStandalone target not found
Native extension for WebGL target not found
Refreshing native plugins compatible for Editor in 1.05 ms, found 4 plugins.
Preloading 0 native plugins for Editor in 0.00 ms.
Mono: successfully reloaded assembly
- Completed reload, in  1.350 seconds
Domain Reload Profiling:
	ReloadAssembly (1351ms)
		BeginReloadAssembly (153ms)
			ExecutionOrderSort (0ms)
			DisableScriptedObjects (10ms)
			BackupInstance (0ms)
			ReleaseScriptingObjects (0ms)
			CreateAndSetChildDomain (45ms)
		EndReloadAssembly (1123ms)
			LoadAssemblies (120ms)
			RebuildTransferFunctionScriptingTraits (0ms)
			SetupTypeCache (376ms)
			ReleaseScriptCaches (1ms)
			RebuildScriptCaches (64ms)
			SetupLoadedEditorAssemblies (371ms)
				LogAssemblyErrors (0ms)
				InitializePlatformSupportModulesInManaged (7ms)
				SetLoadedEditorAssemblies (0ms)
				RefreshPlugins (1ms)
				BeforeProcessingInitializeOnLoad (87ms)
				ProcessInitializeOnLoadAttributes (258ms)
				ProcessInitializeOnLoadMethodAttributes (9ms)
				AfterProcessingInitializeOnLoad (8ms)
				EditorAssembliesLoaded (0ms)
			ExecutionOrderSort2 (0ms)
			AwakeInstancesAfterBackupRestoration (20ms)
Platform modules already initialized, skipping
Switching build target platform(19) subTarget(0) extendedPlatform(0) -> platform(13) subTarget(524288) extendedPlatform(0)
Refreshing native plugins compatible for Editor in 1.13 ms, found 4 plugins.
Preloading 0 native plugins for Editor in 0.00 ms.
Unloading 3774 Unused Serialized files (Serialized files now loaded: 0)
System memory in use before: 194.4 MB.
System memory in use after: 194.6 MB.

Unloading 31 unused Assets to reduce memory usage. Loaded Objects now: 4725.
Total: 4.243600 ms (FindLiveObjects: 0.438100 ms CreateObjectMapping: 0.220700 ms MarkObjects: 3.548400 ms  DeleteObjects: 0.035300 ms)

AssetImportParameters requested are different than current active one (requested -> active):
  custom:framework-win-MediaFoundation: 216162199b28c13a410421893ffa2e32 -> 
  custom:video-decoder-ogg-theora: a1e56fd34408186e4bbccfd4996cb3dc -> 
  custom:container-muxer-webm: aa71ff27fc2769a1b78a27578f13a17b -> 
  custom:container-demuxer-webm: 4f35f7cbe854078d1ac9338744f61a02 -> 
  custom:container-demuxer-ogg: 62fdf1f143b41e24485cea50d1cbac27 -> 
  custom:video-encoder-webm-vp8: eb34c28f22e8b96e1ab97ce403110664 -> 
  custom:video-codec-MediaFoundation-h265: 746d11721c4dcdbdad8f713fa42b33f4 -> 
  custom:video-decoder-webm-vp8: 9c59270c3fd7afecdb556c50c9e8de78 -> 
  custom:graphics/normal-map-encoding: 01000000000000000000000000000000 -> 02000000000000000000000000000000
  custom:audio-decoder-ogg-vorbis: bf7c407c2cedff20999df2af8eb42d56 -> 
  custom:audio-encoder-webm-vorbis: bf7c407c2cedff20999df2af8eb42d56 -> 
========================================================================
Received Prepare
Registering precompiled user dll's ...
Registered in 0.006545 seconds.
Begin MonoManager ReloadAssembly
Symbol file LoadedFromMemory doesn't match image C:\Users\Asus GM501\Desktop\GAME2014-Assignment2-Phu-Pham\Library\PackageCache\com.unity.visualscripting@1.6.1\Editor\VisualScripting.Core\Dependencies\YamlDotNet\Unity.VisualScripting.YamlDotNet.dll
Symbol file LoadedFromMemory doesn't match image C:\Users\Asus GM501\Desktop\GAME2014-Assignment2-Phu-Pham\Library\PackageCache\com.unity.visualscripting@1.6.1\Editor\VisualScripting.Core\Dependencies\DotNetZip\Unity.VisualScripting.IonicZip.dll
Native extension for WindowsStandalone target not found
Native extension for WebGL target not found
Refreshing native plugins compatible for Editor in 1.21 ms, found 4 plugins.
Preloading 0 native plugins for Editor in 0.00 ms.
Mono: successfully reloaded assembly
- Completed reload, in  1.305 seconds
Domain Reload Profiling:
	ReloadAssembly (1306ms)
		BeginReloadAssembly (152ms)
			ExecutionOrderSort (0ms)
			DisableScriptedObjects (10ms)
			BackupInstance (0ms)
			ReleaseScriptingObjects (0ms)
			CreateAndSetChildDomain (42ms)
		EndReloadAssembly (1083ms)
			LoadAssemblies (118ms)
			RebuildTransferFunctionScriptingTraits (0ms)
			SetupTypeCache (384ms)
			ReleaseScriptCaches (1ms)
			RebuildScriptCaches (57ms)
			SetupLoadedEditorAssemblies (362ms)
				LogAssemblyErrors (0ms)
				InitializePlatformSupportModulesInManaged (7ms)
				SetLoadedEditorAssemblies (1ms)
				RefreshPlugins (1ms)
				BeforeProcessingInitializeOnLoad (88ms)
				ProcessInitializeOnLoadAttributes (249ms)
				ProcessInitializeOnLoadMethodAttributes (9ms)
				AfterProcessingInitializeOnLoad (7ms)
				EditorAssembliesLoaded (0ms)
			ExecutionOrderSort2 (0ms)
			AwakeInstancesAfterBackupRestoration (20ms)
Platform modules already initialized, skipping
Switching build target platform(19) subTarget(0) extendedPlatform(0) -> platform(13) subTarget(524288) extendedPlatform(0)
Refreshing native plugins compatible for Editor in 1.03 ms, found 4 plugins.
Preloading 0 native plugins for Editor in 0.00 ms.
Unloading 3772 Unused Serialized files (Serialized files now loaded: 0)
System memory in use before: 194.3 MB.
System memory in use after: 194.6 MB.

Unloading 31 unused Assets to reduce memory usage. Loaded Objects now: 4728.
Total: 5.366300 ms (FindLiveObjects: 0.375300 ms CreateObjectMapping: 0.197500 ms MarkObjects: 4.757300 ms  DeleteObjects: 0.034800 ms)

AssetImportParameters requested are different than current active one (requested -> active):
  custom:framework-win-MediaFoundation: 216162199b28c13a410421893ffa2e32 -> 
  custom:video-decoder-ogg-theora: a1e56fd34408186e4bbccfd4996cb3dc -> 
  custom:container-muxer-webm: aa71ff27fc2769a1b78a27578f13a17b -> 
  custom:container-demuxer-webm: 4f35f7cbe854078d1ac9338744f61a02 -> 
  custom:container-demuxer-ogg: 62fdf1f143b41e24485cea50d1cbac27 -> 
  custom:video-encoder-webm-vp8: eb34c28f22e8b96e1ab97ce403110664 -> 
  custom:video-codec-MediaFoundation-h265: 746d11721c4dcdbdad8f713fa42b33f4 -> 
  custom:video-decoder-webm-vp8: 9c59270c3fd7afecdb556c50c9e8de78 -> 
  custom:graphics/normal-map-encoding: 01000000000000000000000000000000 -> 02000000000000000000000000000000
  custom:audio-decoder-ogg-vorbis: bf7c407c2cedff20999df2af8eb42d56 -> 
  custom:audio-encoder-webm-vorbis: bf7c407c2cedff20999df2af8eb42d56 -> 
========================================================================
Received Import Request.
  Time since last request: 240.057350 seconds.
  path: Assets/zImportedAssets/Joystick Pack/Prefabs
  artifactKey: Guid(d41e4075f56d1e1438b3af3673ec6081) Importer(815301076,1909f56bfc062723c751e8b465ee728b)
Start importing Assets/zImportedAssets/Joystick Pack/Prefabs using Guid(d41e4075f56d1e1438b3af3673ec6081) Importer(815301076,1909f56bfc062723c751e8b465ee728b)  -> (artifact id: 'f54cb6ea702f71956222b34d2d39ed42') in 0.011192 seconds 
========================================================================
Received Import Request.
  Time since last request: 55.432466 seconds.
  path: Assets/zImportedAssets/Joystick Pack/Sprites/Vertical Backgrounds
  artifactKey: Guid(90487ea2fbd75ca4aafda6529e728976) Importer(815301076,1909f56bfc062723c751e8b465ee728b)
Start importing Assets/zImportedAssets/Joystick Pack/Sprites/Vertical Backgrounds using Guid(90487ea2fbd75ca4aafda6529e728976) Importer(815301076,1909f56bfc062723c751e8b465ee728b)  -> (artifact id: 'c76ecfaccd57b3732a212f2ca8d0d6c8') in 0.006806 seconds 
========================================================================
Received Import Request.
  Time since last request: 2050.900790 seconds.
  path: Assets/Scenes/MainMenuScene.unity
  artifactKey: Guid(ab82b4ab23207954f9eee11df65daf17) Importer(815301076,1909f56bfc062723c751e8b465ee728b)
Start importing Assets/Scenes/MainMenuScene.unity using Guid(ab82b4ab23207954f9eee11df65daf17) Importer(815301076,1909f56bfc062723c751e8b465ee728b)  -> (artifact id: 'b845c676e50b77b72176017baeef6008') in 0.017739 seconds 
========================================================================
Received Prepare
Registering precompiled user dll's ...
Registered in 0.011004 seconds.
Begin MonoManager ReloadAssembly
Symbol file LoadedFromMemory doesn't match image C:\Users\Asus GM501\Desktop\GAME2014-Assignment2-Phu-Pham\Library\PackageCache\com.unity.visualscripting@1.6.1\Editor\VisualScripting.Core\Dependencies\YamlDotNet\Unity.VisualScripting.YamlDotNet.dll
Symbol file LoadedFromMemory doesn't match image C:\Users\Asus GM501\Desktop\GAME2014-Assignment2-Phu-Pham\Library\PackageCache\com.unity.visualscripting@1.6.1\Editor\VisualScripting.Core\Dependencies\DotNetZip\Unity.VisualScripting.IonicZip.dll
Native extension for WindowsStandalone target not found
Native extension for WebGL target not found
Refreshing native plugins compatible for Editor in 1.87 ms, found 4 plugins.
Preloading 0 native plugins for Editor in 0.00 ms.
Mono: successfully reloaded assembly
- Completed reload, in  1.503 seconds
Domain Reload Profiling:
	ReloadAssembly (1503ms)
		BeginReloadAssembly (165ms)
			ExecutionOrderSort (0ms)
			DisableScriptedObjects (12ms)
			BackupInstance (0ms)
			ReleaseScriptingObjects (0ms)
			CreateAndSetChildDomain (58ms)
		EndReloadAssembly (1275ms)
			LoadAssemblies (109ms)
			RebuildTransferFunctionScriptingTraits (0ms)
			SetupTypeCache (443ms)
			ReleaseScriptCaches (2ms)
			RebuildScriptCaches (94ms)
			SetupLoadedEditorAssemblies (403ms)
				LogAssemblyErrors (0ms)
				InitializePlatformSupportModulesInManaged (8ms)
				SetLoadedEditorAssemblies (1ms)
				RefreshPlugins (2ms)
				BeforeProcessingInitializeOnLoad (99ms)
				ProcessInitializeOnLoadAttributes (275ms)
				ProcessInitializeOnLoadMethodAttributes (10ms)
				AfterProcessingInitializeOnLoad (7ms)
				EditorAssembliesLoaded (0ms)
			ExecutionOrderSort2 (0ms)
			AwakeInstancesAfterBackupRestoration (21ms)
Platform modules already initialized, skipping
Switching build target platform(19) subTarget(0) extendedPlatform(0) -> platform(13) subTarget(524288) extendedPlatform(0)
Refreshing native plugins compatible for Editor in 1.33 ms, found 4 plugins.
Preloading 0 native plugins for Editor in 0.00 ms.
Unloading 3772 Unused Serialized files (Serialized files now loaded: 0)
System memory in use before: 194.4 MB.
System memory in use after: 194.6 MB.

Unloading 31 unused Assets to reduce memory usage. Loaded Objects now: 4731.
Total: 4.820500 ms (FindLiveObjects: 0.328100 ms CreateObjectMapping: 0.167000 ms MarkObjects: 4.292500 ms  DeleteObjects: 0.031800 ms)

AssetImportParameters requested are different than current active one (requested -> active):
  custom:framework-win-MediaFoundation: 216162199b28c13a410421893ffa2e32 -> 
  custom:video-decoder-ogg-theora: a1e56fd34408186e4bbccfd4996cb3dc -> 
  custom:container-muxer-webm: aa71ff27fc2769a1b78a27578f13a17b -> 
  custom:container-demuxer-webm: 4f35f7cbe854078d1ac9338744f61a02 -> 
  custom:container-demuxer-ogg: 62fdf1f143b41e24485cea50d1cbac27 -> 
  custom:video-encoder-webm-vp8: eb34c28f22e8b96e1ab97ce403110664 -> 
  custom:video-codec-MediaFoundation-h265: 746d11721c4dcdbdad8f713fa42b33f4 -> 
  custom:video-decoder-webm-vp8: 9c59270c3fd7afecdb556c50c9e8de78 -> 
  custom:graphics/normal-map-encoding: 01000000000000000000000000000000 -> 02000000000000000000000000000000
  custom:audio-decoder-ogg-vorbis: bf7c407c2cedff20999df2af8eb42d56 -> 
  custom:audio-encoder-webm-vorbis: bf7c407c2cedff20999df2af8eb42d56 -> 
========================================================================
Received Prepare
Registering precompiled user dll's ...
Registered in 0.008857 seconds.
Begin MonoManager ReloadAssembly
Symbol file LoadedFromMemory doesn't match image C:\Users\Asus GM501\Desktop\GAME2014-Assignment2-Phu-Pham\Library\PackageCache\com.unity.visualscripting@1.6.1\Editor\VisualScripting.Core\Dependencies\YamlDotNet\Unity.VisualScripting.YamlDotNet.dll
Symbol file LoadedFromMemory doesn't match image C:\Users\Asus GM501\Desktop\GAME2014-Assignment2-Phu-Pham\Library\PackageCache\com.unity.visualscripting@1.6.1\Editor\VisualScripting.Core\Dependencies\DotNetZip\Unity.VisualScripting.IonicZip.dll
Native extension for WindowsStandalone target not found
Native extension for WebGL target not found
Refreshing native plugins compatible for Editor in 1.03 ms, found 4 plugins.
Preloading 0 native plugins for Editor in 0.00 ms.
Mono: successfully reloaded assembly
- Completed reload, in  1.320 seconds
Domain Reload Profiling:
	ReloadAssembly (1321ms)
		BeginReloadAssembly (153ms)
			ExecutionOrderSort (0ms)
			DisableScriptedObjects (11ms)
			BackupInstance (0ms)
			ReleaseScriptingObjects (0ms)
			CreateAndSetChildDomain (43ms)
		EndReloadAssembly (1104ms)
			LoadAssemblies (111ms)
			RebuildTransferFunctionScriptingTraits (0ms)
			SetupTypeCache (374ms)
			ReleaseScriptCaches (1ms)
			RebuildScriptCaches (60ms)
			SetupLoadedEditorAssemblies (374ms)
				LogAssemblyErrors (0ms)
				InitializePlatformSupportModulesInManaged (7ms)
				SetLoadedEditorAssemblies (0ms)
				RefreshPlugins (1ms)
				BeforeProcessingInitializeOnLoad (87ms)
				ProcessInitializeOnLoadAttributes (262ms)
				ProcessInitializeOnLoadMethodAttributes (9ms)
				AfterProcessingInitializeOnLoad (7ms)
				EditorAssembliesLoaded (0ms)
			ExecutionOrderSort2 (0ms)
			AwakeInstancesAfterBackupRestoration (24ms)
Platform modules already initialized, skipping
Switching build target platform(19) subTarget(0) extendedPlatform(0) -> platform(13) subTarget(524288) extendedPlatform(0)
Refreshing native plugins compatible for Editor in 1.19 ms, found 4 plugins.
Preloading 0 native plugins for Editor in 0.00 ms.
Unloading 3772 Unused Serialized files (Serialized files now loaded: 0)
System memory in use before: 194.6 MB.
System memory in use after: 194.8 MB.

Unloading 31 unused Assets to reduce memory usage. Loaded Objects now: 4734.
Total: 4.184500 ms (FindLiveObjects: 0.449800 ms CreateObjectMapping: 0.241800 ms MarkObjects: 3.459100 ms  DeleteObjects: 0.032600 ms)

AssetImportParameters requested are different than current active one (requested -> active):
  custom:framework-win-MediaFoundation: 216162199b28c13a410421893ffa2e32 -> 
  custom:video-decoder-ogg-theora: a1e56fd34408186e4bbccfd4996cb3dc -> 
  custom:container-muxer-webm: aa71ff27fc2769a1b78a27578f13a17b -> 
  custom:container-demuxer-webm: 4f35f7cbe854078d1ac9338744f61a02 -> 
  custom:container-demuxer-ogg: 62fdf1f143b41e24485cea50d1cbac27 -> 
  custom:video-encoder-webm-vp8: eb34c28f22e8b96e1ab97ce403110664 -> 
  custom:video-codec-MediaFoundation-h265: 746d11721c4dcdbdad8f713fa42b33f4 -> 
  custom:video-decoder-webm-vp8: 9c59270c3fd7afecdb556c50c9e8de78 -> 
  custom:graphics/normal-map-encoding: 01000000000000000000000000000000 -> 02000000000000000000000000000000
  custom:audio-decoder-ogg-vorbis: bf7c407c2cedff20999df2af8eb42d56 -> 
  custom:audio-encoder-webm-vorbis: bf7c407c2cedff20999df2af8eb42d56 -> 
========================================================================
Received Import Request.
  Time since last request: 698.405431 seconds.
  path: Assets/Scenes/PlayScene.unity
  artifactKey: Guid(2cda990e2423bbf4892e6590ba056729) Importer(815301076,1909f56bfc062723c751e8b465ee728b)
Start importing Assets/Scenes/PlayScene.unity using Guid(2cda990e2423bbf4892e6590ba056729) Importer(815301076,1909f56bfc062723c751e8b465ee728b)  -> (artifact id: '45a3d896769e700a286ad2d7fd965bb7') in 0.019792 seconds 
AssetImportWorkerClient::OnTransportError - code=2 error=End of file
